<?xml version="1.0" encoding="UTF-8"?>
<!-- Generated by org.testng.reporters.JUnitReportReporter -->
<testsuite hostname="VIKAS" failures="0" tests="1" name="com.testcases.TestEmployeeEndPoints" time="1.420" errors="0" timestamp="2024-02-09T23:39:50 IST" skipped="0">
  <testcase classname="com.testcases.TestEmployeeEndPoints" name="verifyFetchAllEmployee" time="1.420"/>
  <system-out/>
</testsuite> <!-- com.testcases.TestEmployeeEndPoints -->
