<?xml version="1.0" encoding="UTF-8"?>
<!-- Generated by org.testng.reporters.JUnitReportReporter -->
<testsuite hostname="VIKAS" failures="0" tests="1" name="com.testcases.TestEmployeeEndPoints" time="1.345" errors="0" timestamp="2024-02-10T00:43:02 IST" skipped="0">
  <testcase classname="com.testcases.TestEmployeeEndPoints" name="verifyFetchAllEmployee" time="1.345"/>
  <system-out/>
</testsuite> <!-- com.testcases.TestEmployeeEndPoints -->
