<?xml version="1.0" encoding="UTF-8"?>
<!-- Generated by org.testng.reporters.JUnitReportReporter -->
<testsuite hostname="VIKAS" failures="0" tests="2" name="com.testcases.TestEmployeeEndPoints" time="2.081" errors="0" timestamp="2024-02-09T22:44:31 IST" skipped="0">
  <testcase classname="com.testcases.TestEmployeeEndPoints" name="verifyFetchAllEmployee" time="1.454"/>
  <system-out/>
  <testcase classname="com.testcases.TestEmployeeEndPoints" name="verifyFetchSingleEmployee" time="0.627"/>
  <system-out/>
</testsuite> <!-- com.testcases.TestEmployeeEndPoints -->
